<?xml version="1.0" encoding="UTF-8"?>
<!-- Generated by org.testng.reporters.JUnitXMLReporter -->
<testsuite ignored="0" hostname="StormHawker" failures="1" tests="51" name="Sequential Test Execution" time="89.09" errors="0" timestamp="2025-03-27T15:15:29 GMT">
  <testcase classname="testNGFramework.AutoTestCase1" name="verifyRedirectionToApplicationPage" time="0.472"/>
  <testcase classname="testNGFramework.AutoTestCase1" name="verifySignInSignUpButtonPresence" time="0.102"/>
  <testcase classname="testNGFramework.AutoTestCase1" name="verifyNavigationToLoginPage" time="1.008"/>
  <testcase classname="testNGFramework.AutoTestCase1" name="verifySignUpButtonPresence" time="0.034"/>
  <testcase classname="testNGFramework.AutoTestCase1" name="verifyNavigationToCreateAccountPage" time="0.477"/>
  <testcase classname="testNGFramework.AutoTestCase1" name="verifyFieldsOnCreateAccountPage" time="0.173"/>
  <testcase classname="testNGFramework.AutoTestCase2" name="verifyRedirectionToApplicationPage" time="0.458"/>
  <testcase classname="testNGFramework.AutoTestCase2" name="verifySignInSignUpButtonPresence" time="0.095"/>
  <testcase classname="testNGFramework.AutoTestCase2" name="verifyNavigationToLoginPage" time="0.799"/>
  <testcase classname="testNGFramework.AutoTestCase2" name="verifySignUpButtonPresence" time="0.031"/>
  <testcase classname="testNGFramework.AutoTestCase2" name="verifyNavigationToCreateAccountPage" time="0.39"/>
  <testcase classname="testNGFramework.AutoTestCase2" name="verifyFieldsOnCreateAccountPage" time="0.171"/>
  <testcase classname="testNGFramework.AutoTestCase2" name="verifyUserRegistration" time="15.621"/>
  <testcase classname="testNGFramework.AutoTestCase2" name="verifyRedirectionToLoginPage" time="0.063"/>
  <testcase classname="testNGFramework.AutoTestCase2" name="verifyLoginToApplication" time="5.336"/>
  <testcase classname="testNGFramework.AutoTestCase3" name="verifyRedirectionToApplicationPage" time="0.534"/>
  <testcase classname="testNGFramework.AutoTestCase3" name="verifySignInSignUpButtonPresence" time="0.069"/>
  <testcase classname="testNGFramework.AutoTestCase3" name="verifyNavigationToLoginPage" time="0.777"/>
  <testcase classname="testNGFramework.AutoTestCase3" name="verifyLoginToApplication" time="5.657"/>
  <testcase classname="testNGFramework.AutoTestCase3" name="verifyHeaderSection" time="0.179"/>
  <testcase classname="testNGFramework.AutoTestCase3" name="verifyViewAllGrantsButton" time="0.032"/>
  <testcase classname="testNGFramework.AutoTestCase3" name="verifyNavigationToAllGrantsDetailsPage" time="0.245"/>
  <testcase classname="testNGFramework.AutoTestCase3" name="verifyAllGrantsDetailsPageContent" time="0.087"/>
  <testcase classname="testNGFramework.AutoTestCase4" name="verifyRedirectionToNGGIApplication" time="0.042"/>
  <testcase classname="testNGFramework.AutoTestCase4" name="verifySignInSignUpButtonPresence" time="0.083"/>
  <testcase classname="testNGFramework.AutoTestCase4" name="verifyNavigationToLoginPage" time="0.702"/>
  <testcase classname="testNGFramework.AutoTestCase4" name="verifyLoginFunctionality" time="0.677"/>
  <testcase classname="testNGFramework.AutoTestCase4" name="verifySuccessfulLoginNavigation" time="5.118"/>
  <testcase classname="testNGFramework.AutoTestCase4" name="verifyHeaderSectionButtons" time="0.182"/>
  <testcase classname="testNGFramework.AutoTestCase4" name="verifyGrantFormNavigation" time="0.295"/>
  <testcase classname="testNGFramework.AutoTestCase4" name="verifyGrantApplicationFormFields" time="5.121"/>
  <testcase classname="testNGFramework.AutoTestCase5" name="verifyRedirectionToNGGIApplication" time="0.465"/>
  <testcase classname="testNGFramework.AutoTestCase5" name="verifySignInSignUpButtonPresence" time="0.065"/>
  <testcase classname="testNGFramework.AutoTestCase5" name="verifyNavigationToLoginPage" time="0.803"/>
  <testcase classname="testNGFramework.AutoTestCase5" name="verifyLoginFunctionality" time="0.59"/>
  <testcase classname="testNGFramework.AutoTestCase5" name="verifySuccessfulLoginNavigation" time="5.102"/>
  <testcase classname="testNGFramework.AutoTestCase5" name="verifyHeaderSectionButtons" time="0.165"/>
  <testcase classname="testNGFramework.AutoTestCase5" name="verifyGrantFormNavigation" time="0.378"/>
  <testcase classname="testNGFramework.AutoTestCase5" name="verifyGrantApplicationFormFields" time="5.13"/>
  <testcase classname="testNGFramework.AutoTestCase5" name="verifyGrantApplicationSubmission" time="5.702"/>
  <testcase classname="testNGFramework.AutoTestCase6" name="verifyRedirectionToApplicationPage" time="0.031"/>
  <testcase classname="testNGFramework.AutoTestCase6" name="verifySignInButtonPresence" time="0.076"/>
  <testcase classname="testNGFramework.AutoTestCase6" name="verifyNavigationToLoginPage" time="0.743"/>
  <testcase classname="testNGFramework.AutoTestCase6" name="verifyInputLoginDetails" time="0.503"/>
  <testcase classname="testNGFramework.AutoTestCase6" name="verifySignInFunctionality" time="0.105"/>
  <testcase classname="testNGFramework.AutoTestCase6" name="verifySuccessfulLoginMessage" time="5.051"/>
  <testcase classname="testNGFramework.AutoTestCase6" name="verifyAdminDashboard" time="0.03"/>
  <testcase classname="testNGFramework.AutoTestCase9" name="verifyRedirectionToNGGIApplicationPage" time="0.516"/>
  <testcase classname="testNGFramework.AutoTestCase9" name="verifyAboutUsButtonAndClick" time="0.661"/>
  <testcase classname="testNGFramework.AutoTestCase9" name="verifyNavigationToAboutUsPage" time="0.05">
    <failure type="java.lang.AssertionError" message="Step 3 Failed: The user is Not Navigated to the &amp;quot;About Us&amp;quot; Page post click on the &amp;quot;About Us&amp;quot; Button. expected [true] but found [false]">
      <![CDATA[java.lang.AssertionError: Step 3 Failed: The user is Not Navigated to the "About Us" Page post click on the "About Us" Button. expected [true] but found [false]
at testNGFramework.AutoTestCase9.verifyNavigationToAboutUsPage(AutoTestCase9.java:55)
at java.base/java.util.ArrayList.forEach(ArrayList.java:1596)
... Removed 28 stack frames]]>
    </failure>
  </testcase> <!-- verifyNavigationToAboutUsPage -->
  <testcase classname="testNGFramework.AutoTestCase9" name="validateAboutUsPageSections" time="5.124"/>
</testsuite> <!-- Sequential Test Execution -->
